
  .   ____          _            __ _ _
 /\\ / ___'_ __ _ _(_)_ __  __ _ \ \ \ \
( ( )\___ | '_ | '_| | '_ \/ _` | \ \ \ \
 \\/  ___)| |_)| | | | | || (_| |  ) ) ) )
  '  |____| .__|_| |_|_| |_\__, | / / / /
 =========|_|==============|___/=/_/_/_/

 :: Spring Boot ::               (v3.5.11)

2026-03-04T14:11:03.527+03:00  INFO 25850 --- [           main] com.nadiritech.NadiriTechApplication     : Starting NadiriTechApplication v1.0-SNAPSHOT using Java 17.0.18 with PID 25850 (/home/nadiri/nadiri-tech-backend/target/api-1.0-SNAPSHOT.jar started by nadiri in /home/nadiri/nadiri-tech-backend)
2026-03-04T14:11:03.530+03:00  INFO 25850 --- [           main] com.nadiritech.NadiriTechApplication     : No active profile set, falling back to 1 default profile: "default"
2026-03-04T14:11:04.295+03:00  INFO 25850 --- [           main] .s.d.r.c.RepositoryConfigurationDelegate : Bootstrapping Spring Data JPA repositories in DEFAULT mode.
2026-03-04T14:11:04.363+03:00  INFO 25850 --- [           main] .s.d.r.c.RepositoryConfigurationDelegate : Finished Spring Data repository scanning in 52 ms. Found 2 JPA repository interfaces.
2026-03-04T14:11:04.858+03:00  INFO 25850 --- [           main] o.s.b.w.embedded.tomcat.TomcatWebServer  : Tomcat initialized with port 8081 (http)
2026-03-04T14:11:04.872+03:00  INFO 25850 --- [           main] o.apache.catalina.core.StandardService   : Starting service [Tomcat]
2026-03-04T14:11:04.872+03:00  INFO 25850 --- [           main] o.apache.catalina.core.StandardEngine    : Starting Servlet engine: [Apache Tomcat/10.1.52]
2026-03-04T14:11:04.903+03:00  INFO 25850 --- [           main] o.a.c.c.C.[Tomcat].[localhost].[/]       : Initializing Spring embedded WebApplicationContext
2026-03-04T14:11:04.904+03:00  INFO 25850 --- [           main] w.s.c.ServletWebServerApplicationContext : Root WebApplicationContext: initialization completed in 1298 ms
2026-03-04T14:11:05.083+03:00  INFO 25850 --- [           main] o.hibernate.jpa.internal.util.LogHelper  : HHH000204: Processing PersistenceUnitInfo [name: default]
2026-03-04T14:11:05.137+03:00  INFO 25850 --- [           main] org.hibernate.Version                    : HHH000412: Hibernate ORM core version 6.6.42.Final
2026-03-04T14:11:05.186+03:00  INFO 25850 --- [           main] o.h.c.internal.RegionFactoryInitiator    : HHH000026: Second-level cache disabled
2026-03-04T14:11:05.496+03:00  INFO 25850 --- [           main] o.s.o.j.p.SpringPersistenceUnitInfo      : No LoadTimeWeaver setup: ignoring JPA class transformer
2026-03-04T14:11:05.544+03:00  INFO 25850 --- [           main] com.zaxxer.hikari.HikariDataSource       : HikariPool-1 - Starting...
2026-03-04T14:11:05.643+03:00  INFO 25850 --- [           main] com.zaxxer.hikari.pool.HikariPool        : HikariPool-1 - Added connection org.mariadb.jdbc.Connection@dc59ec2
2026-03-04T14:11:05.645+03:00  INFO 25850 --- [           main] com.zaxxer.hikari.HikariDataSource       : HikariPool-1 - Start completed.
2026-03-04T14:11:05.676+03:00  WARN 25850 --- [           main] org.hibernate.orm.deprecation            : HHH90000025: MariaDBDialect does not need to be specified explicitly using 'hibernate.dialect' (remove the property setting and it will be selected by default)
2026-03-04T14:11:05.697+03:00  INFO 25850 --- [           main] org.hibernate.orm.connections.pooling    : HHH10001005: Database info:
	Database JDBC URL [Connecting through datasource 'HikariDataSource (HikariPool-1)']
	Database driver: undefined/unknown
	Database version: 10.11.14
	Autocommit mode: undefined/unknown
	Isolation level: undefined/unknown
	Minimum pool size: undefined/unknown
	Maximum pool size: undefined/unknown
2026-03-04T14:11:06.405+03:00  INFO 25850 --- [           main] o.h.e.t.j.p.i.JtaPlatformInitiator       : HHH000489: No JTA platform available (set 'hibernate.transaction.jta.platform' to enable JTA platform integration)
2026-03-04T14:11:06.453+03:00  INFO 25850 --- [           main] j.LocalContainerEntityManagerFactoryBean : Initialized JPA EntityManagerFactory for persistence unit 'default'
2026-03-04T14:11:06.776+03:00  WARN 25850 --- [           main] JpaBaseConfiguration$JpaWebConfiguration : spring.jpa.open-in-view is enabled by default. Therefore, database queries may be performed during view rendering. Explicitly configure spring.jpa.open-in-view to disable this warning
2026-03-04T14:11:07.140+03:00  INFO 25850 --- [           main] o.s.b.w.embedded.tomcat.TomcatWebServer  : Tomcat started on port 8081 (http) with context path '/'
2026-03-04T14:11:07.157+03:00  INFO 25850 --- [           main] com.nadiritech.NadiriTechApplication     : Started NadiriTechApplication in 4.504 seconds (process running for 5.035)
